<?xml version="1.0" encoding="UTF-8"?>
<testsuite xmlns:xsi="http://www.w3.org/2001/XMLSchema-instance" xsi:noNamespaceSchemaLocation="https://maven.apache.org/surefire/maven-surefire-plugin/xsd/surefire-test-report.xsd" name="com.mulesoft.training.HelloMavenTest" time="13.106" tests="2" errors="1" skipped="0" failures="0">
  <properties>
    <property name="sun.desktop" value="windows"/>
    <property name="awt.toolkit" value="sun.awt.windows.WToolkit"/>
    <property name="file.encoding.pkg" value="sun.io"/>
    <property name="java.specification.version" value="1.8"/>
    <property name="sun.cpu.isalist" value="amd64"/>
    <property name="sun.jnu.encoding" value="Cp1252"/>
    <property name="java.class.path" value="C:\Users\Pravallika\Desktop\Anypoint Workspace\mavenproject\target\test-classes;C:\Users\Pravallika\Desktop\Anypoint Workspace\mavenproject\target\classes;C:\Users\Pravallika\.m2\repository\com\mulesoft\muleesb\mule-core-ee\3.9.1\mule-core-ee-3.9.1.jar;C:\Users\Pravallika\.m2\repository\org\mule\mule-core\3.9.1\mule-core-3.9.1.jar;C:\Users\Pravallika\.m2\repository\org\mule\extensions\mule-extensions-api\1.0.0-alpha-1\mule-extensions-api-1.0.0-alpha-1.jar;C:\Users\Pravallika\.m2\repository\commons-beanutils\commons-beanutils\1.9.3\commons-beanutils-1.9.3.jar;C:\Users\Pravallika\.m2\repository\com\github\stephenc\eaio-uuid\uuid\3.4.0\uuid-3.4.0.jar;C:\Users\Pravallika\.m2\repository\com\github\stephenc\eaio-grabbag\grabbag\1.8.1\grabbag-1.8.1.jar;C:\Users\Pravallika\.m2\repository\commons-cli\commons-cli\1.2\commons-cli-1.2.jar;C:\Users\Pravallika\.m2\repository\commons-collections\commons-collections\3.2.2\commons-collections-3.2.2.jar;C:\Users\Pravallika\.m2\repository\commons-io\commons-io\2.6\commons-io-2.6.jar;C:\Users\Pravallika\.m2\repository\commons-lang\commons-lang\2.6\commons-lang-2.6.jar;C:\Users\Pravallika\.m2\repository\org\apache\commons\commons-lang3\3.6\commons-lang3-3.6.jar;C:\Users\Pravallika\.m2\repository\commons-pool\commons-pool\1.6\commons-pool-1.6.jar;C:\Users\Pravallika\.m2\repository\javax\transaction\javax.transaction-api\1.2\javax.transaction-api-1.2.jar;C:\Users\Pravallika\.m2\repository\org\apache\geronimo\specs\geronimo-j2ee-connector_1.5_spec\2.0.0\geronimo-j2ee-connector_1.5_spec-2.0.0.jar;C:\Users\Pravallika\.m2\repository\javax\inject\javax.inject\1\javax.inject-1.jar;C:\Users\Pravallika\.m2\repository\com\lmax\disruptor\3.3.0\disruptor-3.3.0.jar;C:\Users\Pravallika\.m2\repository\org\apache\logging\log4j\log4j-api\2.8.2\log4j-api-2.8.2.jar;C:\Users\Pravallika\.m2\repository\org\apache\logging\log4j\log4j-core\2.8.2\log4j-core-2.8.2.jar;C:\Users\Pravallika\.m2\repository\org\apache\logging\log4j\log4j-slf4j-impl\2.8.2\log4j-slf4j-impl-2.8.2.jar;C:\Users\Pravallika\.m2\repository\org\apache\logging\log4j\log4j-1.2-api\2.8.2\log4j-1.2-api-2.8.2.jar;C:\Users\Pravallika\.m2\repository\org\apache\logging\log4j\log4j-jcl\2.8.2\log4j-jcl-2.8.2.jar;C:\Users\Pravallika\.m2\repository\commons-logging\commons-logging\1.2\commons-logging-1.2.jar;C:\Users\Pravallika\.m2\repository\org\slf4j\jcl-over-slf4j\1.7.24\jcl-over-slf4j-1.7.24.jar;C:\Users\Pravallika\.m2\repository\org\apache\logging\log4j\log4j-jul\2.8.2\log4j-jul-2.8.2.jar;C:\Users\Pravallika\.m2\repository\asm\asm\3.1\asm-3.1.jar;C:\Users\Pravallika\.m2\repository\asm\asm-commons\3.1\asm-commons-3.1.jar;C:\Users\Pravallika\.m2\repository\asm\asm-tree\3.1\asm-tree-3.1.jar;C:\Users\Pravallika\.m2\repository\org\mule\mvel\mule-mvel2\2.1.9-MULE-015\mule-mvel2-2.1.9-MULE-015.jar;C:\Users\Pravallika\.m2\repository\org\jgrapht\jgrapht-jdk1.5\0.7.3\jgrapht-jdk1.5-0.7.3.jar;C:\Users\Pravallika\.m2\repository\com\fasterxml\jackson\core\jackson-core\2.9.5\jackson-core-2.9.5.jar;C:\Users\Pravallika\.m2\repository\com\mulesoft\licm\licm\1.2.1\licm-1.2.1.jar;C:\Users\Pravallika\.m2\repository\de\schlichtherle\truelicense\1.29\truelicense-1.29.jar;C:\Users\Pravallika\.m2\repository\de\schlichtherle\truexml\1.29\truexml-1.29.jar;C:\Users\Pravallika\.m2\repository\opensymphony\propertyset\1.3\propertyset-1.3.jar;C:\Users\Pravallika\.m2\repository\opensymphony\oscore\2.2.4\oscore-2.2.4.jar;C:\Users\Pravallika\.m2\repository\org\aspectj\aspectjrt\1.8.5\aspectjrt-1.8.5.jar;C:\Users\Pravallika\.m2\repository\com\mulesoft\muleesb\modules\mule-module-spring-config-ee\3.9.1\mule-module-spring-config-ee-3.9.1.jar;C:\Users\Pravallika\.m2\repository\com\mulesoft\muleesb\modules\mule-module-multi-tx-ee\3.9.1\mule-module-multi-tx-ee-3.9.1.jar;C:\Users\Pravallika\.m2\repository\com\mulesoft\muleesb\modules\mule-module-xa-tx-ee\3.9.1\mule-module-xa-tx-ee-3.9.1.jar;C:\Users\Pravallika\.m2\repository\com\mulesoft\muleesb\modules\mule-module-cache-ee\3.9.1\mule-module-cache-ee-3.9.1.jar;C:\Users\Pravallika\.m2\repository\org\springframework\spring-context\4.1.9.RELEASE\spring-context-4.1.9.RELEASE.jar;C:\Users\Pravallika\.m2\repository\org\springframework\spring-core\4.1.9.RELEASE\spring-core-4.1.9.RELEASE.jar;C:\Users\Pravallika\.m2\repository\org\springframework\spring-expression\4.1.9.RELEASE\spring-expression-4.1.9.RELEASE.jar;C:\Users\Pravallika\.m2\repository\org\mule\transports\mule-transport-file\3.9.1\mule-transport-file-3.9.1.jar;C:\Users\Pravallika\.m2\repository\org\mule\transports\mule-transport-http\3.9.1\mule-transport-http-3.9.1.jar;C:\Users\Pravallika\.m2\repository\org\mule\transports\mule-transport-ssl\3.9.1\mule-transport-ssl-3.9.1.jar;C:\Users\Pravallika\.m2\repository\commons-codec\commons-codec\1.9\commons-codec-1.9.jar;C:\Users\Pravallika\.m2\repository\org\mule\apache\commons-httpclient\commons-httpclient\3.1-14-MULE-001\commons-httpclient-3.1-14-MULE-001.jar;C:\Users\Pravallika\.m2\repository\org\apache\tomcat\coyote\6.0.53\coyote-6.0.53.jar;C:\Users\Pravallika\.m2\repository\org\apache\tomcat\juli\6.0.53\juli-6.0.53.jar;C:\Users\Pravallika\.m2\repository\org\samba\jcifs\jcifs\1.3.3\jcifs-1.3.3.jar;C:\Users\Pravallika\.m2\repository\joda-time\joda-time\2.9.1\joda-time-2.9.1.jar;C:\Users\Pravallika\.m2\repository\com\mulesoft\muleesb\transports\mule-transport-jdbc-ee\3.9.1\mule-transport-jdbc-ee-3.9.1.jar;C:\Users\Pravallika\.m2\repository\org\mule\transports\mule-transport-jdbc\3.9.1\mule-transport-jdbc-3.9.1.jar;C:\Users\Pravallika\.m2\repository\net\sf\flatpack\flatpack\3.1.1\flatpack-3.1.1.jar;C:\Users\Pravallika\.m2\repository\org\jdom\jdom\1.1.3\jdom-1.1.3.jar;C:\Users\Pravallika\.m2\repository\dom4j\dom4j\1.6.1\dom4j-1.6.1.jar;C:\Users\Pravallika\.m2\repository\com\mulesoft\muleesb\transports\mule-transport-jms-ee\3.9.1\mule-transport-jms-ee-3.9.1.jar;C:\Users\Pravallika\.m2\repository\org\mule\transports\mule-transport-vm\3.9.1\mule-transport-vm-3.9.1.jar;C:\Users\Pravallika\.m2\repository\org\mule\modules\mule-module-scripting\3.9.1\mule-module-scripting-3.9.1.jar;C:\Users\Pravallika\.m2\repository\org\springframework\spring-aop\4.1.9.RELEASE\spring-aop-4.1.9.RELEASE.jar;C:\Users\Pravallika\.m2\repository\aopalliance\aopalliance\1.0\aopalliance-1.0.jar;C:\Users\Pravallika\.m2\repository\org\mule\modules\mule-module-builders\3.9.1\mule-module-builders-3.9.1.jar;C:\Users\Pravallika\.m2\repository\org\springframework\spring-web\4.1.9.RELEASE\spring-web-4.1.9.RELEASE.jar;C:\Users\Pravallika\.m2\repository\org\codehaus\groovy\groovy-all\2.4.4\groovy-all-2.4.4-indy.jar;C:\Users\Pravallika\.m2\repository\org\python\jython-standalone\2.7.1\jython-standalone-2.7.1.jar;C:\Users\Pravallika\.m2\repository\javax\script\js-engine\1.1\js-engine-1.1-jdk14.jar;C:\Users\Pravallika\.m2\repository\org\mozilla\rhino\1.7R4\rhino-1.7R4.jar;C:\Users\Pravallika\.m2\repository\org\mule\modules\mule-module-scripting-jruby\3.9.1\mule-module-scripting-jruby-3.9.1.jar;C:\Users\Pravallika\.m2\repository\org\jruby\jruby-core\9.1.16.0\jruby-core-9.1.16.0.jar;C:\Users\Pravallika\.m2\repository\org\jruby\jruby-stdlib\9.1.16.0\jruby-stdlib-9.1.16.0.jar;C:\Users\Pravallika\.m2\repository\com\github\jnr\jnr-netdb\1.1.6\jnr-netdb-1.1.6.jar;C:\Users\Pravallika\.m2\repository\com\github\jnr\jnr-enxio\0.16\jnr-enxio-0.16.jar;C:\Users\Pravallika\.m2\repository\com\github\jnr\jnr-x86asm\1.0.2\jnr-x86asm-1.0.2.jar;C:\Users\Pravallika\.m2\repository\com\github\jnr\jnr-unixsocket\0.17\jnr-unixsocket-0.17.jar;C:\Users\Pravallika\.m2\repository\com\github\jnr\jnr-posix\3.0.42\jnr-posix-3.0.42.jar;C:\Users\Pravallika\.m2\repository\com\github\jnr\jnr-constants\0.9.9\jnr-constants-0.9.9.jar;C:\Users\Pravallika\.m2\repository\com\github\jnr\jffi\1.2.16\jffi-1.2.16.jar;C:\Users\Pravallika\.m2\repository\com\github\jnr\jffi\1.2.16\jffi-1.2.16-native.jar;C:\Users\Pravallika\.m2\repository\org\jruby\joni\joni\2.1.11\joni-2.1.11.jar;C:\Users\Pravallika\.m2\repository\org\jruby\extras\bytelist\1.0.15\bytelist-1.0.15.jar;C:\Users\Pravallika\.m2\repository\org\jruby\jcodings\jcodings\1.0.18\jcodings-1.0.18.jar;C:\Users\Pravallika\.m2\repository\org\jruby\dirgra\0.3\dirgra-0.3.jar;C:\Users\Pravallika\.m2\repository\com\headius\invokebinder\1.10\invokebinder-1.10.jar;C:\Users\Pravallika\.m2\repository\com\headius\options\1.4\options-1.4.jar;C:\Users\Pravallika\.m2\repository\com\headius\unsafe-fences\1.0\unsafe-fences-1.0.jar;C:\Users\Pravallika\.m2\repository\com\headius\modulator\1.0\modulator-1.0.jar;C:\Users\Pravallika\.m2\repository\com\jcraft\jzlib\1.1.3\jzlib-1.1.3.jar;C:\Users\Pravallika\.m2\repository\com\martiansoftware\nailgun-server\0.9.1\nailgun-server-0.9.1.jar;C:\Users\Pravallika\.m2\repository\org\mule\modules\mule-module-xml\3.9.1\mule-module-xml-3.9.1.jar;C:\Users\Pravallika\.m2\repository\commons-jxpath\commons-jxpath\1.3\commons-jxpath-1.3.jar;C:\Users\Pravallika\.m2\repository\com\thoughtworks\xstream\xstream\1.4.10\xstream-1.4.10.jar;C:\Users\Pravallika\.m2\repository\xmlpull\xmlpull\1.1.3.1\xmlpull-1.1.3.1.jar;C:\Users\Pravallika\.m2\repository\xpp3\xpp3_min\1.1.3.4.O\xpp3_min-1.1.3.4.O.jar;C:\Users\Pravallika\.m2\repository\org\codehaus\woodstox\woodstox-core-asl\4.4.1\woodstox-core-asl-4.4.1.jar;C:\Users\Pravallika\.m2\repository\jaxen\jaxen\1.1.1\jaxen-1.1.1.jar;C:\Users\Pravallika\.m2\repository\jdom\jdom\1.0\jdom-1.0.jar;C:\Users\Pravallika\.m2\repository\net\java\dev\stax-utils\stax-utils\20080702\stax-utils-20080702.jar;C:\Users\Pravallika\.m2\repository\net\sf\saxon\Saxon-HE\9.6.0-10\Saxon-HE-9.6.0-10.jar;C:\Users\Pravallika\.m2\repository\net\sf\saxon\Saxon-HE\9.6.0-10\Saxon-HE-9.6.0-10-xqj.jar;C:\Users\Pravallika\.m2\repository\javax\xml\xquery\xqj-api\1.0\xqj-api-1.0.jar;C:\Users\Pravallika\.m2\repository\org\apache\activemq\activemq-client\5.15.4\activemq-client-5.15.4.jar;C:\Users\Pravallika\.m2\repository\org\slf4j\slf4j-api\1.7.25\slf4j-api-1.7.25.jar;C:\Users\Pravallika\.m2\repository\org\apache\geronimo\specs\geronimo-jms_1.1_spec\1.1.1\geronimo-jms_1.1_spec-1.1.1.jar;C:\Users\Pravallika\.m2\repository\org\fusesource\hawtbuf\hawtbuf\1.11\hawtbuf-1.11.jar;C:\Users\Pravallika\.m2\repository\org\apache\geronimo\specs\geronimo-j2ee-management_1.1_spec\1.0.1\geronimo-j2ee-management_1.1_spec-1.0.1.jar;C:\Users\Pravallika\.m2\repository\org\apache\derby\derby\10.14.2.0\derby-10.14.2.0.jar;C:\Users\Pravallika\.m2\repository\org\apache\activemq\activemq-broker\5.15.4\activemq-broker-5.15.4.jar;C:\Users\Pravallika\.m2\repository\org\apache\activemq\activemq-openwire-legacy\5.15.4\activemq-openwire-legacy-5.15.4.jar;C:\Users\Pravallika\.m2\repository\com\google\guava\guava\18.0\guava-18.0.jar;C:\Users\Pravallika\.m2\repository\com\fasterxml\jackson\core\jackson-databind\2.9.4\jackson-databind-2.9.4.jar;C:\Users\Pravallika\.m2\repository\com\fasterxml\jackson\core\jackson-annotations\2.9.0\jackson-annotations-2.9.0.jar;C:\Users\Pravallika\.m2\repository\org\apache\activemq\activemq-kahadb-store\5.15.4\activemq-kahadb-store-5.15.4.jar;C:\Users\Pravallika\.m2\repository\org\apache\activemq\protobuf\activemq-protobuf\1.1\activemq-protobuf-1.1.jar;C:\Users\Pravallika\.m2\repository\commons-net\commons-net\3.6\commons-net-3.6.jar;C:\Users\Pravallika\.m2\repository\org\mule\tests\mule-tests-functional\3.9.1\mule-tests-functional-3.9.1.jar;C:\Users\Pravallika\.m2\repository\org\mule\modules\mule-module-extensions-support\3.9.1\mule-module-extensions-support-3.9.1.jar;C:\Users\Pravallika\.m2\repository\org\mule\extensions\mule-extensions-annotations\1.0.0-alpha-1\mule-extensions-annotations-1.0.0-alpha-1.jar;C:\Users\Pravallika\.m2\repository\org\springframework\spring-beans\4.1.9.RELEASE\spring-beans-4.1.9.RELEASE.jar;C:\Users\Pravallika\.m2\repository\junit\junit\4.12\junit-4.12.jar;C:\Users\Pravallika\.m2\repository\org\hamcrest\hamcrest-library\1.3\hamcrest-library-1.3.jar;C:\Users\Pravallika\.m2\repository\org\hamcrest\hamcrest-core\1.3\hamcrest-core-1.3.jar;C:\Users\Pravallika\.m2\repository\org\apache\ftpserver\ftpserver-core\1.0.6\ftpserver-core-1.0.6.jar;C:\Users\Pravallika\.m2\repository\org\apache\mina\mina-core\2.0.4\mina-core-2.0.4.jar;C:\Users\Pravallika\.m2\repository\org\apache\ftpserver\ftplet-api\1.0.6\ftplet-api-1.0.6.jar;C:\Users\Pravallika\.m2\repository\org\apache\sshd\sshd-core\1.4.0\sshd-core-1.4.0.jar;C:\Users\Pravallika\.m2\repository\org\bouncycastle\bcprov-jdk15on\1.59\bcprov-jdk15on-1.59.jar;C:\Users\Pravallika\.m2\repository\commons-dbutils\commons-dbutils\1.2\commons-dbutils-1.2.jar;C:\Users\Pravallika\.m2\repository\org\reflections\reflections\0.9.9\reflections-0.9.9.jar;C:\Users\Pravallika\.m2\repository\org\mule\mule-core\3.9.1\mule-core-3.9.1-tests.jar;C:\Users\Pravallika\.m2\repository\org\mockito\mockito-core\1.10.19\mockito-core-1.10.19.jar;C:\Users\Pravallika\.m2\repository\org\objenesis\objenesis\2.1\objenesis-2.1.jar;C:\Users\Pravallika\.m2\repository\org\mule\modules\mule-module-http\3.9.1\mule-module-http-3.9.1.jar;C:\Users\Pravallika\.m2\repository\org\mule\transports\mule-transport-tcp\3.9.1\mule-transport-tcp-3.9.1.jar;C:\Users\Pravallika\.m2\repository\org\apache\geronimo\specs\geronimo-servlet_3.0_spec\1.0\geronimo-servlet_3.0_spec-1.0.jar;C:\Users\Pravallika\.m2\repository\org\glassfish\grizzly\grizzly-framework\2.3.35\grizzly-framework-2.3.35.jar;C:\Users\Pravallika\.m2\repository\org\glassfish\grizzly\grizzly-http-server\2.3.35\grizzly-http-server-2.3.35.jar;C:\Users\Pravallika\.m2\repository\org\glassfish\grizzly\grizzly-http\2.3.35\grizzly-http-2.3.35.jar;C:\Users\Pravallika\.m2\repository\org\glassfish\grizzly\connection-pool\2.3.35\connection-pool-2.3.35.jar;C:\Users\Pravallika\.m2\repository\javax\mail\mail\1.4.3\mail-1.4.3.jar;C:\Users\Pravallika\.m2\repository\org\glassfish\grizzly\grizzly-http-client\1.14\grizzly-http-client-1.14.jar;C:\Users\Pravallika\.m2\repository\org\glassfish\grizzly\grizzly-websockets\2.3.35\grizzly-websockets-2.3.35.jar;C:\Users\Pravallika\.m2\repository\org\mule\modules\mule-module-spring-config\3.9.1\mule-module-spring-config-3.9.1.jar;C:\Users\Pravallika\.m2\repository\org\mule\modules\mule-module-annotations\3.9.1\mule-module-annotations-3.9.1.jar;C:\Users\Pravallika\.m2\repository\cglib\cglib-nodep\2.2\cglib-nodep-2.2.jar;C:\Users\Pravallika\.m2\repository\cglib\cglib\3.2.2\cglib-3.2.2.jar;C:\Users\Pravallika\.m2\repository\org\ow2\asm\asm\5.0.4\asm-5.0.4.jar;C:\Users\Pravallika\.m2\repository\org\apache\ant\ant\1.9.6\ant-1.9.6.jar;C:\Users\Pravallika\.m2\repository\org\apache\ant\ant-launcher\1.9.6\ant-launcher-1.9.6.jar;C:\Users\Pravallika\.m2\repository\org\mule\modules\mule-module-db\3.9.1\mule-module-db-3.9.1.jar;C:\Users\Pravallika\.m2\repository\com\mchange\c3p0\0.9.5.2\c3p0-0.9.5.2.jar;C:\Users\Pravallika\.m2\repository\com\mchange\mchange-commons-java\0.2.11\mchange-commons-java-0.2.11.jar;C:\Users\Pravallika\.m2\repository\com\experlog\xapool\1.5.0\xapool-1.5.0.jar;C:\Users\Pravallika\.m2\repository\org\mule\common\mule-common\3.9.1\mule-common-3.9.1.jar;C:\Users\Pravallika\.m2\repository\org\mulesoft\xmlbeans\xmlbeans\2.6.3\xmlbeans-2.6.3.jar;C:\Users\Pravallika\.m2\repository\javax\xml\stream\stax-api\1.0-2\stax-api-1.0-2.jar;C:\Users\Pravallika\.m2\repository\org\json\json\20140107\json-20140107.jar;C:\Users\Pravallika\.m2\repository\org\antlr\antlr-runtime\3.5.2\antlr-runtime-3.5.2.jar;C:\Users\Pravallika\.m2\repository\org\mule\transports\mule-transport-jms\3.9.1\mule-transport-jms-3.9.1.jar;C:\Users\Pravallika\.m2\repository\org\mule\springframework\spring-jms\4.1.9.RELEASE-MULE-001\spring-jms-4.1.9.RELEASE-MULE-001.jar;C:\Users\Pravallika\.m2\repository\org\springframework\spring-messaging\4.1.9.RELEASE\spring-messaging-4.1.9.RELEASE.jar;C:\Users\Pravallika\.m2\repository\org\springframework\spring-tx\4.1.9.RELEASE\spring-tx-4.1.9.RELEASE.jar;C:\Users\Pravallika\.m2\repository\org\mule\modules\mule-module-json\3.9.1\mule-module-json-3.9.1.jar;C:\Users\Pravallika\.m2\repository\org\mule\modules\mule-module-validation\3.9.1\mule-module-validation-3.9.1.jar;C:\Users\Pravallika\.m2\repository\commons-validator\commons-validator\1.6\commons-validator-1.6.jar;C:\Users\Pravallika\.m2\repository\commons-digester\commons-digester\1.8.1\commons-digester-1.8.1.jar;C:\Users\Pravallika\.m2\repository\org\mule\modules\mule-module-extensions-spring-support\3.9.1\mule-module-extensions-spring-support-3.9.1.jar;C:\Users\Pravallika\.m2\repository\org\codehaus\jackson\jackson-core-asl\1.9.14-MULE-002\jackson-core-asl-1.9.14-MULE-002.jar;C:\Users\Pravallika\.m2\repository\org\codehaus\jackson\jackson-mapper-asl\1.9.14-MULE-002\jackson-mapper-asl-1.9.14-MULE-002.jar;C:\Users\Pravallika\.m2\repository\org\codehaus\jackson\jackson-xc\1.9.14-MULE-002\jackson-xc-1.9.14-MULE-002.jar;C:\Users\Pravallika\.m2\repository\de\odysseus\staxon\staxon\1.2\staxon-1.2.jar;C:\Users\Pravallika\.m2\repository\org\codehaus\woodstox\stax2-api\3.1.4\stax2-api-3.1.4.jar;C:\Users\Pravallika\.m2\repository\com\github\java-json-tools\json-schema-validator\2.2.8\json-schema-validator-2.2.8.jar;C:\Users\Pravallika\.m2\repository\com\github\java-json-tools\json-schema-core\1.2.8\json-schema-core-1.2.8.jar;C:\Users\Pravallika\.m2\repository\com\github\fge\jackson-coreutils\1.8\jackson-coreutils-1.8.jar;C:\Users\Pravallika\.m2\repository\com\github\fge\msg-simple\1.1\msg-simple-1.1.jar;C:\Users\Pravallika\.m2\repository\com\github\fge\btf\1.2\btf-1.2.jar;C:\Users\Pravallika\.m2\repository\com\github\fge\uri-template\0.9\uri-template-0.9.jar;C:\Users\Pravallika\.m2\repository\javax\mail\mailapi\1.4.3\mailapi-1.4.3.jar;C:\Users\Pravallika\.m2\repository\com\googlecode\libphonenumber\libphonenumber\8.0.0\libphonenumber-8.0.0.jar;C:\Users\Pravallika\.m2\repository\net\sf\jopt-simple\jopt-simple\5.0.3\jopt-simple-5.0.3.jar;"/>
    <property name="java.vm.vendor" value="Oracle Corporation"/>
    <property name="sun.arch.data.model" value="64"/>
    <property name="user.variant" value=""/>
    <property name="java.vendor.url" value="http://java.oracle.com/"/>
    <property name="user.timezone" value="America/Los_Angeles"/>
    <property name="java.vm.specification.version" value="1.8"/>
    <property name="os.name" value="Windows 10"/>
    <property name="user.country" value="US"/>
    <property name="sun.java.launcher" value="SUN_STANDARD"/>
    <property name="sun.boot.library.path" value="C:\Program Files\Java\jdk1.8.0_171\jre\bin"/>
    <property name="sun.java.command" value="C:\Users\Pravallika\AppData\Local\Temp\surefire6369158058844089712\surefirebooter4571369883065700586.jar C:\Users\Pravallika\AppData\Local\Temp\surefire6369158058844089712 2018-07-17T12-39-58_604-jvmRun1 surefire1405578382909097463tmp surefire_04996675436439280120tmp"/>
    <property name="surefire.test.class.path" value="C:\Users\Pravallika\Desktop\Anypoint Workspace\mavenproject\target\test-classes;C:\Users\Pravallika\Desktop\Anypoint Workspace\mavenproject\target\classes;C:\Users\Pravallika\.m2\repository\com\mulesoft\muleesb\mule-core-ee\3.9.1\mule-core-ee-3.9.1.jar;C:\Users\Pravallika\.m2\repository\org\mule\mule-core\3.9.1\mule-core-3.9.1.jar;C:\Users\Pravallika\.m2\repository\org\mule\extensions\mule-extensions-api\1.0.0-alpha-1\mule-extensions-api-1.0.0-alpha-1.jar;C:\Users\Pravallika\.m2\repository\commons-beanutils\commons-beanutils\1.9.3\commons-beanutils-1.9.3.jar;C:\Users\Pravallika\.m2\repository\com\github\stephenc\eaio-uuid\uuid\3.4.0\uuid-3.4.0.jar;C:\Users\Pravallika\.m2\repository\com\github\stephenc\eaio-grabbag\grabbag\1.8.1\grabbag-1.8.1.jar;C:\Users\Pravallika\.m2\repository\commons-cli\commons-cli\1.2\commons-cli-1.2.jar;C:\Users\Pravallika\.m2\repository\commons-collections\commons-collections\3.2.2\commons-collections-3.2.2.jar;C:\Users\Pravallika\.m2\repository\commons-io\commons-io\2.6\commons-io-2.6.jar;C:\Users\Pravallika\.m2\repository\commons-lang\commons-lang\2.6\commons-lang-2.6.jar;C:\Users\Pravallika\.m2\repository\org\apache\commons\commons-lang3\3.6\commons-lang3-3.6.jar;C:\Users\Pravallika\.m2\repository\commons-pool\commons-pool\1.6\commons-pool-1.6.jar;C:\Users\Pravallika\.m2\repository\javax\transaction\javax.transaction-api\1.2\javax.transaction-api-1.2.jar;C:\Users\Pravallika\.m2\repository\org\apache\geronimo\specs\geronimo-j2ee-connector_1.5_spec\2.0.0\geronimo-j2ee-connector_1.5_spec-2.0.0.jar;C:\Users\Pravallika\.m2\repository\javax\inject\javax.inject\1\javax.inject-1.jar;C:\Users\Pravallika\.m2\repository\com\lmax\disruptor\3.3.0\disruptor-3.3.0.jar;C:\Users\Pravallika\.m2\repository\org\apache\logging\log4j\log4j-api\2.8.2\log4j-api-2.8.2.jar;C:\Users\Pravallika\.m2\repository\org\apache\logging\log4j\log4j-core\2.8.2\log4j-core-2.8.2.jar;C:\Users\Pravallika\.m2\repository\org\apache\logging\log4j\log4j-slf4j-impl\2.8.2\log4j-slf4j-impl-2.8.2.jar;C:\Users\Pravallika\.m2\repository\org\apache\logging\log4j\log4j-1.2-api\2.8.2\log4j-1.2-api-2.8.2.jar;C:\Users\Pravallika\.m2\repository\org\apache\logging\log4j\log4j-jcl\2.8.2\log4j-jcl-2.8.2.jar;C:\Users\Pravallika\.m2\repository\commons-logging\commons-logging\1.2\commons-logging-1.2.jar;C:\Users\Pravallika\.m2\repository\org\slf4j\jcl-over-slf4j\1.7.24\jcl-over-slf4j-1.7.24.jar;C:\Users\Pravallika\.m2\repository\org\apache\logging\log4j\log4j-jul\2.8.2\log4j-jul-2.8.2.jar;C:\Users\Pravallika\.m2\repository\asm\asm\3.1\asm-3.1.jar;C:\Users\Pravallika\.m2\repository\asm\asm-commons\3.1\asm-commons-3.1.jar;C:\Users\Pravallika\.m2\repository\asm\asm-tree\3.1\asm-tree-3.1.jar;C:\Users\Pravallika\.m2\repository\org\mule\mvel\mule-mvel2\2.1.9-MULE-015\mule-mvel2-2.1.9-MULE-015.jar;C:\Users\Pravallika\.m2\repository\org\jgrapht\jgrapht-jdk1.5\0.7.3\jgrapht-jdk1.5-0.7.3.jar;C:\Users\Pravallika\.m2\repository\com\fasterxml\jackson\core\jackson-core\2.9.5\jackson-core-2.9.5.jar;C:\Users\Pravallika\.m2\repository\com\mulesoft\licm\licm\1.2.1\licm-1.2.1.jar;C:\Users\Pravallika\.m2\repository\de\schlichtherle\truelicense\1.29\truelicense-1.29.jar;C:\Users\Pravallika\.m2\repository\de\schlichtherle\truexml\1.29\truexml-1.29.jar;C:\Users\Pravallika\.m2\repository\opensymphony\propertyset\1.3\propertyset-1.3.jar;C:\Users\Pravallika\.m2\repository\opensymphony\oscore\2.2.4\oscore-2.2.4.jar;C:\Users\Pravallika\.m2\repository\org\aspectj\aspectjrt\1.8.5\aspectjrt-1.8.5.jar;C:\Users\Pravallika\.m2\repository\com\mulesoft\muleesb\modules\mule-module-spring-config-ee\3.9.1\mule-module-spring-config-ee-3.9.1.jar;C:\Users\Pravallika\.m2\repository\com\mulesoft\muleesb\modules\mule-module-multi-tx-ee\3.9.1\mule-module-multi-tx-ee-3.9.1.jar;C:\Users\Pravallika\.m2\repository\com\mulesoft\muleesb\modules\mule-module-xa-tx-ee\3.9.1\mule-module-xa-tx-ee-3.9.1.jar;C:\Users\Pravallika\.m2\repository\com\mulesoft\muleesb\modules\mule-module-cache-ee\3.9.1\mule-module-cache-ee-3.9.1.jar;C:\Users\Pravallika\.m2\repository\org\springframework\spring-context\4.1.9.RELEASE\spring-context-4.1.9.RELEASE.jar;C:\Users\Pravallika\.m2\repository\org\springframework\spring-core\4.1.9.RELEASE\spring-core-4.1.9.RELEASE.jar;C:\Users\Pravallika\.m2\repository\org\springframework\spring-expression\4.1.9.RELEASE\spring-expression-4.1.9.RELEASE.jar;C:\Users\Pravallika\.m2\repository\org\mule\transports\mule-transport-file\3.9.1\mule-transport-file-3.9.1.jar;C:\Users\Pravallika\.m2\repository\org\mule\transports\mule-transport-http\3.9.1\mule-transport-http-3.9.1.jar;C:\Users\Pravallika\.m2\repository\org\mule\transports\mule-transport-ssl\3.9.1\mule-transport-ssl-3.9.1.jar;C:\Users\Pravallika\.m2\repository\commons-codec\commons-codec\1.9\commons-codec-1.9.jar;C:\Users\Pravallika\.m2\repository\org\mule\apache\commons-httpclient\commons-httpclient\3.1-14-MULE-001\commons-httpclient-3.1-14-MULE-001.jar;C:\Users\Pravallika\.m2\repository\org\apache\tomcat\coyote\6.0.53\coyote-6.0.53.jar;C:\Users\Pravallika\.m2\repository\org\apache\tomcat\juli\6.0.53\juli-6.0.53.jar;C:\Users\Pravallika\.m2\repository\org\samba\jcifs\jcifs\1.3.3\jcifs-1.3.3.jar;C:\Users\Pravallika\.m2\repository\joda-time\joda-time\2.9.1\joda-time-2.9.1.jar;C:\Users\Pravallika\.m2\repository\com\mulesoft\muleesb\transports\mule-transport-jdbc-ee\3.9.1\mule-transport-jdbc-ee-3.9.1.jar;C:\Users\Pravallika\.m2\repository\org\mule\transports\mule-transport-jdbc\3.9.1\mule-transport-jdbc-3.9.1.jar;C:\Users\Pravallika\.m2\repository\net\sf\flatpack\flatpack\3.1.1\flatpack-3.1.1.jar;C:\Users\Pravallika\.m2\repository\org\jdom\jdom\1.1.3\jdom-1.1.3.jar;C:\Users\Pravallika\.m2\repository\dom4j\dom4j\1.6.1\dom4j-1.6.1.jar;C:\Users\Pravallika\.m2\repository\com\mulesoft\muleesb\transports\mule-transport-jms-ee\3.9.1\mule-transport-jms-ee-3.9.1.jar;C:\Users\Pravallika\.m2\repository\org\mule\transports\mule-transport-vm\3.9.1\mule-transport-vm-3.9.1.jar;C:\Users\Pravallika\.m2\repository\org\mule\modules\mule-module-scripting\3.9.1\mule-module-scripting-3.9.1.jar;C:\Users\Pravallika\.m2\repository\org\springframework\spring-aop\4.1.9.RELEASE\spring-aop-4.1.9.RELEASE.jar;C:\Users\Pravallika\.m2\repository\aopalliance\aopalliance\1.0\aopalliance-1.0.jar;C:\Users\Pravallika\.m2\repository\org\mule\modules\mule-module-builders\3.9.1\mule-module-builders-3.9.1.jar;C:\Users\Pravallika\.m2\repository\org\springframework\spring-web\4.1.9.RELEASE\spring-web-4.1.9.RELEASE.jar;C:\Users\Pravallika\.m2\repository\org\codehaus\groovy\groovy-all\2.4.4\groovy-all-2.4.4-indy.jar;C:\Users\Pravallika\.m2\repository\org\python\jython-standalone\2.7.1\jython-standalone-2.7.1.jar;C:\Users\Pravallika\.m2\repository\javax\script\js-engine\1.1\js-engine-1.1-jdk14.jar;C:\Users\Pravallika\.m2\repository\org\mozilla\rhino\1.7R4\rhino-1.7R4.jar;C:\Users\Pravallika\.m2\repository\org\mule\modules\mule-module-scripting-jruby\3.9.1\mule-module-scripting-jruby-3.9.1.jar;C:\Users\Pravallika\.m2\repository\org\jruby\jruby-core\9.1.16.0\jruby-core-9.1.16.0.jar;C:\Users\Pravallika\.m2\repository\org\jruby\jruby-stdlib\9.1.16.0\jruby-stdlib-9.1.16.0.jar;C:\Users\Pravallika\.m2\repository\com\github\jnr\jnr-netdb\1.1.6\jnr-netdb-1.1.6.jar;C:\Users\Pravallika\.m2\repository\com\github\jnr\jnr-enxio\0.16\jnr-enxio-0.16.jar;C:\Users\Pravallika\.m2\repository\com\github\jnr\jnr-x86asm\1.0.2\jnr-x86asm-1.0.2.jar;C:\Users\Pravallika\.m2\repository\com\github\jnr\jnr-unixsocket\0.17\jnr-unixsocket-0.17.jar;C:\Users\Pravallika\.m2\repository\com\github\jnr\jnr-posix\3.0.42\jnr-posix-3.0.42.jar;C:\Users\Pravallika\.m2\repository\com\github\jnr\jnr-constants\0.9.9\jnr-constants-0.9.9.jar;C:\Users\Pravallika\.m2\repository\com\github\jnr\jffi\1.2.16\jffi-1.2.16.jar;C:\Users\Pravallika\.m2\repository\com\github\jnr\jffi\1.2.16\jffi-1.2.16-native.jar;C:\Users\Pravallika\.m2\repository\org\jruby\joni\joni\2.1.11\joni-2.1.11.jar;C:\Users\Pravallika\.m2\repository\org\jruby\extras\bytelist\1.0.15\bytelist-1.0.15.jar;C:\Users\Pravallika\.m2\repository\org\jruby\jcodings\jcodings\1.0.18\jcodings-1.0.18.jar;C:\Users\Pravallika\.m2\repository\org\jruby\dirgra\0.3\dirgra-0.3.jar;C:\Users\Pravallika\.m2\repository\com\headius\invokebinder\1.10\invokebinder-1.10.jar;C:\Users\Pravallika\.m2\repository\com\headius\options\1.4\options-1.4.jar;C:\Users\Pravallika\.m2\repository\com\headius\unsafe-fences\1.0\unsafe-fences-1.0.jar;C:\Users\Pravallika\.m2\repository\com\headius\modulator\1.0\modulator-1.0.jar;C:\Users\Pravallika\.m2\repository\com\jcraft\jzlib\1.1.3\jzlib-1.1.3.jar;C:\Users\Pravallika\.m2\repository\com\martiansoftware\nailgun-server\0.9.1\nailgun-server-0.9.1.jar;C:\Users\Pravallika\.m2\repository\org\mule\modules\mule-module-xml\3.9.1\mule-module-xml-3.9.1.jar;C:\Users\Pravallika\.m2\repository\commons-jxpath\commons-jxpath\1.3\commons-jxpath-1.3.jar;C:\Users\Pravallika\.m2\repository\com\thoughtworks\xstream\xstream\1.4.10\xstream-1.4.10.jar;C:\Users\Pravallika\.m2\repository\xmlpull\xmlpull\1.1.3.1\xmlpull-1.1.3.1.jar;C:\Users\Pravallika\.m2\repository\xpp3\xpp3_min\1.1.3.4.O\xpp3_min-1.1.3.4.O.jar;C:\Users\Pravallika\.m2\repository\org\codehaus\woodstox\woodstox-core-asl\4.4.1\woodstox-core-asl-4.4.1.jar;C:\Users\Pravallika\.m2\repository\jaxen\jaxen\1.1.1\jaxen-1.1.1.jar;C:\Users\Pravallika\.m2\repository\jdom\jdom\1.0\jdom-1.0.jar;C:\Users\Pravallika\.m2\repository\net\java\dev\stax-utils\stax-utils\20080702\stax-utils-20080702.jar;C:\Users\Pravallika\.m2\repository\net\sf\saxon\Saxon-HE\9.6.0-10\Saxon-HE-9.6.0-10.jar;C:\Users\Pravallika\.m2\repository\net\sf\saxon\Saxon-HE\9.6.0-10\Saxon-HE-9.6.0-10-xqj.jar;C:\Users\Pravallika\.m2\repository\javax\xml\xquery\xqj-api\1.0\xqj-api-1.0.jar;C:\Users\Pravallika\.m2\repository\org\apache\activemq\activemq-client\5.15.4\activemq-client-5.15.4.jar;C:\Users\Pravallika\.m2\repository\org\slf4j\slf4j-api\1.7.25\slf4j-api-1.7.25.jar;C:\Users\Pravallika\.m2\repository\org\apache\geronimo\specs\geronimo-jms_1.1_spec\1.1.1\geronimo-jms_1.1_spec-1.1.1.jar;C:\Users\Pravallika\.m2\repository\org\fusesource\hawtbuf\hawtbuf\1.11\hawtbuf-1.11.jar;C:\Users\Pravallika\.m2\repository\org\apache\geronimo\specs\geronimo-j2ee-management_1.1_spec\1.0.1\geronimo-j2ee-management_1.1_spec-1.0.1.jar;C:\Users\Pravallika\.m2\repository\org\apache\derby\derby\10.14.2.0\derby-10.14.2.0.jar;C:\Users\Pravallika\.m2\repository\org\apache\activemq\activemq-broker\5.15.4\activemq-broker-5.15.4.jar;C:\Users\Pravallika\.m2\repository\org\apache\activemq\activemq-openwire-legacy\5.15.4\activemq-openwire-legacy-5.15.4.jar;C:\Users\Pravallika\.m2\repository\com\google\guava\guava\18.0\guava-18.0.jar;C:\Users\Pravallika\.m2\repository\com\fasterxml\jackson\core\jackson-databind\2.9.4\jackson-databind-2.9.4.jar;C:\Users\Pravallika\.m2\repository\com\fasterxml\jackson\core\jackson-annotations\2.9.0\jackson-annotations-2.9.0.jar;C:\Users\Pravallika\.m2\repository\org\apache\activemq\activemq-kahadb-store\5.15.4\activemq-kahadb-store-5.15.4.jar;C:\Users\Pravallika\.m2\repository\org\apache\activemq\protobuf\activemq-protobuf\1.1\activemq-protobuf-1.1.jar;C:\Users\Pravallika\.m2\repository\commons-net\commons-net\3.6\commons-net-3.6.jar;C:\Users\Pravallika\.m2\repository\org\mule\tests\mule-tests-functional\3.9.1\mule-tests-functional-3.9.1.jar;C:\Users\Pravallika\.m2\repository\org\mule\modules\mule-module-extensions-support\3.9.1\mule-module-extensions-support-3.9.1.jar;C:\Users\Pravallika\.m2\repository\org\mule\extensions\mule-extensions-annotations\1.0.0-alpha-1\mule-extensions-annotations-1.0.0-alpha-1.jar;C:\Users\Pravallika\.m2\repository\org\springframework\spring-beans\4.1.9.RELEASE\spring-beans-4.1.9.RELEASE.jar;C:\Users\Pravallika\.m2\repository\junit\junit\4.12\junit-4.12.jar;C:\Users\Pravallika\.m2\repository\org\hamcrest\hamcrest-library\1.3\hamcrest-library-1.3.jar;C:\Users\Pravallika\.m2\repository\org\hamcrest\hamcrest-core\1.3\hamcrest-core-1.3.jar;C:\Users\Pravallika\.m2\repository\org\apache\ftpserver\ftpserver-core\1.0.6\ftpserver-core-1.0.6.jar;C:\Users\Pravallika\.m2\repository\org\apache\mina\mina-core\2.0.4\mina-core-2.0.4.jar;C:\Users\Pravallika\.m2\repository\org\apache\ftpserver\ftplet-api\1.0.6\ftplet-api-1.0.6.jar;C:\Users\Pravallika\.m2\repository\org\apache\sshd\sshd-core\1.4.0\sshd-core-1.4.0.jar;C:\Users\Pravallika\.m2\repository\org\bouncycastle\bcprov-jdk15on\1.59\bcprov-jdk15on-1.59.jar;C:\Users\Pravallika\.m2\repository\commons-dbutils\commons-dbutils\1.2\commons-dbutils-1.2.jar;C:\Users\Pravallika\.m2\repository\org\reflections\reflections\0.9.9\reflections-0.9.9.jar;C:\Users\Pravallika\.m2\repository\org\mule\mule-core\3.9.1\mule-core-3.9.1-tests.jar;C:\Users\Pravallika\.m2\repository\org\mockito\mockito-core\1.10.19\mockito-core-1.10.19.jar;C:\Users\Pravallika\.m2\repository\org\objenesis\objenesis\2.1\objenesis-2.1.jar;C:\Users\Pravallika\.m2\repository\org\mule\modules\mule-module-http\3.9.1\mule-module-http-3.9.1.jar;C:\Users\Pravallika\.m2\repository\org\mule\transports\mule-transport-tcp\3.9.1\mule-transport-tcp-3.9.1.jar;C:\Users\Pravallika\.m2\repository\org\apache\geronimo\specs\geronimo-servlet_3.0_spec\1.0\geronimo-servlet_3.0_spec-1.0.jar;C:\Users\Pravallika\.m2\repository\org\glassfish\grizzly\grizzly-framework\2.3.35\grizzly-framework-2.3.35.jar;C:\Users\Pravallika\.m2\repository\org\glassfish\grizzly\grizzly-http-server\2.3.35\grizzly-http-server-2.3.35.jar;C:\Users\Pravallika\.m2\repository\org\glassfish\grizzly\grizzly-http\2.3.35\grizzly-http-2.3.35.jar;C:\Users\Pravallika\.m2\repository\org\glassfish\grizzly\connection-pool\2.3.35\connection-pool-2.3.35.jar;C:\Users\Pravallika\.m2\repository\javax\mail\mail\1.4.3\mail-1.4.3.jar;C:\Users\Pravallika\.m2\repository\org\glassfish\grizzly\grizzly-http-client\1.14\grizzly-http-client-1.14.jar;C:\Users\Pravallika\.m2\repository\org\glassfish\grizzly\grizzly-websockets\2.3.35\grizzly-websockets-2.3.35.jar;C:\Users\Pravallika\.m2\repository\org\mule\modules\mule-module-spring-config\3.9.1\mule-module-spring-config-3.9.1.jar;C:\Users\Pravallika\.m2\repository\org\mule\modules\mule-module-annotations\3.9.1\mule-module-annotations-3.9.1.jar;C:\Users\Pravallika\.m2\repository\cglib\cglib-nodep\2.2\cglib-nodep-2.2.jar;C:\Users\Pravallika\.m2\repository\cglib\cglib\3.2.2\cglib-3.2.2.jar;C:\Users\Pravallika\.m2\repository\org\ow2\asm\asm\5.0.4\asm-5.0.4.jar;C:\Users\Pravallika\.m2\repository\org\apache\ant\ant\1.9.6\ant-1.9.6.jar;C:\Users\Pravallika\.m2\repository\org\apache\ant\ant-launcher\1.9.6\ant-launcher-1.9.6.jar;C:\Users\Pravallika\.m2\repository\org\mule\modules\mule-module-db\3.9.1\mule-module-db-3.9.1.jar;C:\Users\Pravallika\.m2\repository\com\mchange\c3p0\0.9.5.2\c3p0-0.9.5.2.jar;C:\Users\Pravallika\.m2\repository\com\mchange\mchange-commons-java\0.2.11\mchange-commons-java-0.2.11.jar;C:\Users\Pravallika\.m2\repository\com\experlog\xapool\1.5.0\xapool-1.5.0.jar;C:\Users\Pravallika\.m2\repository\org\mule\common\mule-common\3.9.1\mule-common-3.9.1.jar;C:\Users\Pravallika\.m2\repository\org\mulesoft\xmlbeans\xmlbeans\2.6.3\xmlbeans-2.6.3.jar;C:\Users\Pravallika\.m2\repository\javax\xml\stream\stax-api\1.0-2\stax-api-1.0-2.jar;C:\Users\Pravallika\.m2\repository\org\json\json\20140107\json-20140107.jar;C:\Users\Pravallika\.m2\repository\org\antlr\antlr-runtime\3.5.2\antlr-runtime-3.5.2.jar;C:\Users\Pravallika\.m2\repository\org\mule\transports\mule-transport-jms\3.9.1\mule-transport-jms-3.9.1.jar;C:\Users\Pravallika\.m2\repository\org\mule\springframework\spring-jms\4.1.9.RELEASE-MULE-001\spring-jms-4.1.9.RELEASE-MULE-001.jar;C:\Users\Pravallika\.m2\repository\org\springframework\spring-messaging\4.1.9.RELEASE\spring-messaging-4.1.9.RELEASE.jar;C:\Users\Pravallika\.m2\repository\org\springframework\spring-tx\4.1.9.RELEASE\spring-tx-4.1.9.RELEASE.jar;C:\Users\Pravallika\.m2\repository\org\mule\modules\mule-module-json\3.9.1\mule-module-json-3.9.1.jar;C:\Users\Pravallika\.m2\repository\org\mule\modules\mule-module-validation\3.9.1\mule-module-validation-3.9.1.jar;C:\Users\Pravallika\.m2\repository\commons-validator\commons-validator\1.6\commons-validator-1.6.jar;C:\Users\Pravallika\.m2\repository\commons-digester\commons-digester\1.8.1\commons-digester-1.8.1.jar;C:\Users\Pravallika\.m2\repository\org\mule\modules\mule-module-extensions-spring-support\3.9.1\mule-module-extensions-spring-support-3.9.1.jar;C:\Users\Pravallika\.m2\repository\org\codehaus\jackson\jackson-core-asl\1.9.14-MULE-002\jackson-core-asl-1.9.14-MULE-002.jar;C:\Users\Pravallika\.m2\repository\org\codehaus\jackson\jackson-mapper-asl\1.9.14-MULE-002\jackson-mapper-asl-1.9.14-MULE-002.jar;C:\Users\Pravallika\.m2\repository\org\codehaus\jackson\jackson-xc\1.9.14-MULE-002\jackson-xc-1.9.14-MULE-002.jar;C:\Users\Pravallika\.m2\repository\de\odysseus\staxon\staxon\1.2\staxon-1.2.jar;C:\Users\Pravallika\.m2\repository\org\codehaus\woodstox\stax2-api\3.1.4\stax2-api-3.1.4.jar;C:\Users\Pravallika\.m2\repository\com\github\java-json-tools\json-schema-validator\2.2.8\json-schema-validator-2.2.8.jar;C:\Users\Pravallika\.m2\repository\com\github\java-json-tools\json-schema-core\1.2.8\json-schema-core-1.2.8.jar;C:\Users\Pravallika\.m2\repository\com\github\fge\jackson-coreutils\1.8\jackson-coreutils-1.8.jar;C:\Users\Pravallika\.m2\repository\com\github\fge\msg-simple\1.1\msg-simple-1.1.jar;C:\Users\Pravallika\.m2\repository\com\github\fge\btf\1.2\btf-1.2.jar;C:\Users\Pravallika\.m2\repository\com\github\fge\uri-template\0.9\uri-template-0.9.jar;C:\Users\Pravallika\.m2\repository\javax\mail\mailapi\1.4.3\mailapi-1.4.3.jar;C:\Users\Pravallika\.m2\repository\com\googlecode\libphonenumber\libphonenumber\8.0.0\libphonenumber-8.0.0.jar;C:\Users\Pravallika\.m2\repository\net\sf\jopt-simple\jopt-simple\5.0.3\jopt-simple-5.0.3.jar;"/>
    <property name="sun.cpu.endian" value="little"/>
    <property name="user.home" value="C:\Users\Pravallika"/>
    <property name="user.language" value="en"/>
    <property name="java.specification.vendor" value="Oracle Corporation"/>
    <property name="java.home" value="C:\Program Files\Java\jdk1.8.0_171\jre"/>
    <property name="basedir" value="C:\Users\Pravallika\Desktop\Anypoint Workspace\mavenproject"/>
    <property name="file.separator" value="\"/>
    <property name="line.separator" value="&#10;"/>
    <property name="java.vm.specification.vendor" value="Oracle Corporation"/>
    <property name="java.specification.name" value="Java Platform API Specification"/>
    <property name="java.awt.graphicsenv" value="sun.awt.Win32GraphicsEnvironment"/>
    <property name="surefire.real.class.path" value="C:\Users\Pravallika\AppData\Local\Temp\surefire6369158058844089712\surefirebooter4571369883065700586.jar"/>
    <property name="sun.boot.class.path" value="C:\Program Files\Java\jdk1.8.0_171\jre\lib\resources.jar;C:\Program Files\Java\jdk1.8.0_171\jre\lib\rt.jar;C:\Program Files\Java\jdk1.8.0_171\jre\lib\sunrsasign.jar;C:\Program Files\Java\jdk1.8.0_171\jre\lib\jsse.jar;C:\Program Files\Java\jdk1.8.0_171\jre\lib\jce.jar;C:\Program Files\Java\jdk1.8.0_171\jre\lib\charsets.jar;C:\Program Files\Java\jdk1.8.0_171\jre\lib\jfr.jar;C:\Program Files\Java\jdk1.8.0_171\jre\classes"/>
    <property name="user.script" value=""/>
    <property name="sun.management.compiler" value="HotSpot 64-Bit Tiered Compilers"/>
    <property name="java.runtime.version" value="1.8.0_171-b11"/>
    <property name="user.name" value="Pravallika"/>
    <property name="path.separator" value=";"/>
    <property name="os.version" value="10.0"/>
    <property name="java.endorsed.dirs" value="C:\Program Files\Java\jdk1.8.0_171\jre\lib\endorsed"/>
    <property name="java.runtime.name" value="Java(TM) SE Runtime Environment"/>
    <property name="file.encoding" value="Cp1252"/>
    <property name="java.vm.name" value="Java HotSpot(TM) 64-Bit Server VM"/>
    <property name="localRepository" value="C:\Users\Pravallika\.m2\repository"/>
    <property name="java.vendor.url.bug" value="http://bugreport.sun.com/bugreport/"/>
    <property name="java.io.tmpdir" value="C:\Users\Pravallika\AppData\Local\Temp\"/>
    <property name="java.version" value="1.8.0_171"/>
    <property name="user.dir" value="C:\Users\Pravallika\Desktop\Anypoint Workspace\mavenproject"/>
    <property name="os.arch" value="amd64"/>
    <property name="java.vm.specification.name" value="Java Virtual Machine Specification"/>
    <property name="java.awt.printerjob" value="sun.awt.windows.WPrinterJob"/>
    <property name="sun.os.patch.level" value=""/>
    <property name="java.library.path" value="C:\Program Files\Java\jdk1.8.0_171\jre\bin;C:\WINDOWS\Sun\Java\bin;C:\WINDOWS\system32;C:\WINDOWS;C:\oraclexe\app\oracle\product\10.2.0\server\bin;C:\Program Files (x86)\Common Files\Oracle\Java\javapath;C:\Program Files (x86)\Intel\Intel(R) Management Engine Components\iCLS\;C:\Program Files\Intel\Intel(R) Management Engine Components\iCLS\;C:\WINDOWS\system32;C:\WINDOWS;C:\WINDOWS\System32\Wbem;C:\WINDOWS\System32\WindowsPowerShell\v1.0\;C:\Program Files\Intel\WiFi\bin\;C:\Program Files\Common Files\Intel\WirelessCommon\;C:\Program Files\Java\jdk1.8.0_171\bin;C:\Program Files\Java\jre1.8.0_171\bin;C:\Program Files (x86)\Intel\Intel(R) Management Engine Components\DAL;C:\Program Files\Intel\Intel(R) Management Engine Components\DAL;C:\Program Files (x86)\Intel\Intel(R) Management Engine Components\IPT;C:\Program Files\Intel\Intel(R) Management Engine Components\IPT;C:\Program Files\Apache Maven\apache-maven-3.5.3\bin;C:\WINDOWS\System32\OpenSSH\;C:\Program Files\Git\cmd;C:\Program Files\nodejs\;C:\Users\Pravallika\AppData\Local\Microsoft\WindowsApps;C:\Program Files\Apache Maven\apache-maven-3.5.3\bin;C:\Users\Pravallika\AppData\Roaming\npm;;."/>
    <property name="java.vm.info" value="mixed mode"/>
    <property name="java.vendor" value="Oracle Corporation"/>
    <property name="java.vm.version" value="25.171-b11"/>
    <property name="java.ext.dirs" value="C:\Program Files\Java\jdk1.8.0_171\jre\lib\ext;C:\WINDOWS\Sun\Java\lib\ext"/>
    <property name="sun.io.unicode.encoding" value="UnicodeLittle"/>
    <property name="java.class.version" value="52.0"/>
  </properties>
  <testcase name="mavenFlowReturnsHelloMaven" classname="com.mulesoft.training.HelloMavenTest" time="10.819"/>
  <testcase name="retrieveFlightsAddsAppropriateHeader" classname="com.mulesoft.training.HelloMavenTest" time="0.912">
    <error type="java.lang.NullPointerException">java.lang.NullPointerException
	at com.mulesoft.training.HelloMavenTest.retrieveFlightsAddsAppropriateHeader(HelloMavenTest.java:13)
</error>
    <system-out><![CDATA[
================================================================================
= Testing: retrieveFlightsAddsAppropriateHeader                                =
================================================================================
INFO  2018-07-17 12:40:12,202 [Time-limited test] org.mule.tck.junit4.AbstractMuleContextTestCase: Using working directory for test: C:\Users\Pravallika\AppData\Local\Temp\junit6066690843219656461
INFO  2018-07-17 12:40:12,215 [Time-limited test] org.mule.lifecycle.AbstractLifecycleManager: Initialising RegistryBroker
INFO  2018-07-17 12:40:12,225 [Time-limited test] org.mule.config.spring.MuleArtifactContext: Refreshing org.mule.config.spring.MuleArtifactContext@7126b8a9: startup date [Tue Jul 17 12:40:12 PDT 2018]; root of context hierarchy
INFO  2018-07-17 12:40:12,823 [Time-limited test] org.springframework.context.support.PropertySourcesPlaceholderConfigurer: Loading properties file from class path resource [maven]
INFO  2018-07-17 12:40:12,833 [Time-limited test] org.springframework.context.support.PropertySourcesPlaceholderConfigurer: Loading properties file from class path resource [maven]
INFO  2018-07-17 12:40:12,837 [Time-limited test] org.mule.config.spring.processors.NoDevkitInjectorProcessor: JSR-330 'javax.inject.Inject' annotation found and supported for autowiring
WARN  2018-07-17 12:40:12,928 [Time-limited test] org.mule.expression.DefaultExpressionManager: Expression string is not an expression.  Use isExpression(String) to validate first
WARN  2018-07-17 12:40:12,930 [Time-limited test] org.mule.expression.DefaultExpressionManager: Expression string is not an expression.  Use isExpression(String) to validate first
INFO  2018-07-17 12:40:13,301 [Time-limited test] org.mule.util.journal.TransactionJournal: Using files for tx logs C:\Users\Pravallika\AppData\Local\Temp\junit6066690843219656461\queue-tx-log\tx1.log and C:\Users\Pravallika\AppData\Local\Temp\junit6066690843219656461\queue-tx-log\tx2.log
INFO  2018-07-17 12:40:13,303 [Time-limited test] org.mule.util.journal.TransactionJournal: Using files for tx logs C:\Users\Pravallika\AppData\Local\Temp\junit6066690843219656461\queue-xa-tx-log\tx1.log and C:\Users\Pravallika\AppData\Local\Temp\junit6066690843219656461\queue-xa-tx-log\tx2.log
INFO  2018-07-17 12:40:13,307 [Time-limited test] org.mule.lifecycle.AbstractLifecycleManager: Initialising connector: Active_MQ
INFO  2018-07-17 12:40:13,319 [Time-limited test] org.mule.lifecycle.AbstractLifecycleManager: Initialising model: _muleSystemModel
INFO  2018-07-17 12:40:13,322 [Time-limited test] org.mule.construct.FlowConstructLifecycleManager: Initialising flow: mavenFlow
INFO  2018-07-17 12:40:13,322 [Time-limited test] org.mule.exception.DefaultMessagingExceptionStrategy: Initialising exception listener: org.mule.exception.DefaultMessagingExceptionStrategy@563146c1
INFO  2018-07-17 12:40:13,326 [Time-limited test] org.mule.processor.SedaStageLifecycleManager: Initialising service: mavenFlow.stage1
INFO  2018-07-17 12:40:13,327 [Time-limited test] org.mule.construct.FlowConstructLifecycleManager: Initialising flow: retreiveFlights
INFO  2018-07-17 12:40:13,327 [Time-limited test] org.mule.exception.DefaultMessagingExceptionStrategy: Initialising exception listener: org.mule.exception.DefaultMessagingExceptionStrategy@58472b54
INFO  2018-07-17 12:40:13,330 [Time-limited test] org.mule.processor.SedaStageLifecycleManager: Initialising service: retreiveFlights.stage1
INFO  2018-07-17 12:40:13,330 [Time-limited test] org.mule.construct.FlowConstructLifecycleManager: Initialising flow: logFlights
INFO  2018-07-17 12:40:13,330 [Time-limited test] org.mule.exception.DefaultMessagingExceptionStrategy: Initialising exception listener: org.mule.exception.DefaultMessagingExceptionStrategy@4ae2c776
INFO  2018-07-17 12:40:13,348 [Time-limited test] org.mule.processor.SedaStageLifecycleManager: Initialising service: logFlights.stage1
INFO  2018-07-17 12:40:13,384 [Time-limited test] org.mule.config.spring.SpringXmlConfigurationBuilder: Configured Mule using "org.mule.config.spring.SpringXmlConfigurationBuilder" with configuration resource(s): "[ConfigResource{resourceName='mavenproject.xml'}]"
INFO  2018-07-17 12:40:13,386 [Time-limited test] org.mule.util.queue.QueueXaResourceManager: Starting ResourceManager
INFO  2018-07-17 12:40:13,386 [Time-limited test] org.mule.util.queue.QueueXaResourceManager: Started ResourceManager
INFO  2018-07-17 12:40:13,495 [Time-limited test] org.mule.module.http.internal.listener.DefaultHttpListenerConfig: Listening for requests on http://0.0.0.0:8081
INFO  2018-07-17 12:40:13,887 [Time-limited test] org.mule.transport.jms.activemq.ActiveMQJmsConnector: Connected: ActiveMQJmsConnector
{
  name=Active_MQ
  lifecycle=initialise
  this=2eebadf
  numberOfConcurrentTransactedReceivers=4
  createMultipleTransactedReceivers=true
  connected=true
  supportedProtocols=[jms]
  serviceOverrides=<none>
}

INFO  2018-07-17 12:40:13,887 [Time-limited test] org.mule.transport.jms.activemq.ActiveMQJmsConnector: Starting: ActiveMQJmsConnector
{
  name=Active_MQ
  lifecycle=initialise
  this=2eebadf
  numberOfConcurrentTransactedReceivers=4
  createMultipleTransactedReceivers=true
  connected=true
  supportedProtocols=[jms]
  serviceOverrides=<none>
}

INFO  2018-07-17 12:40:13,887 [Time-limited test] org.mule.lifecycle.AbstractLifecycleManager: Starting connector: Active_MQ
INFO  2018-07-17 12:40:13,890 [Time-limited test] org.mule.lifecycle.AbstractLifecycleManager: Starting model: _muleSystemModel
INFO  2018-07-17 12:40:13,891 [Time-limited test] org.mule.construct.FlowConstructLifecycleManager: Starting flow: mavenFlow
INFO  2018-07-17 12:40:13,891 [Time-limited test] org.mule.processor.SedaStageLifecycleManager: Starting service: mavenFlow.stage1
INFO  2018-07-17 12:40:13,899 [Time-limited test] org.mule.construct.FlowConstructLifecycleManager: Starting flow: retreiveFlights
INFO  2018-07-17 12:40:13,899 [Time-limited test] org.mule.processor.SedaStageLifecycleManager: Starting service: retreiveFlights.stage1
INFO  2018-07-17 12:40:13,906 [Time-limited test] org.mule.construct.FlowConstructLifecycleManager: Starting flow: logFlights
INFO  2018-07-17 12:40:13,906 [Time-limited test] org.mule.processor.SedaStageLifecycleManager: Starting service: logFlights.stage1
INFO  2018-07-17 12:40:13,914 [Time-limited test] org.mule.transport.jms.activemq.ActiveMQJmsConnector: Registering listener: logFlights on endpointUri: jms://flights
INFO  2018-07-17 12:40:13,914 [Time-limited test] org.mule.transport.service.DefaultTransportServiceDescriptor: Loading default inbound transformer: org.mule.transport.jms.transformers.JMSMessageToObject
INFO  2018-07-17 12:40:13,914 [Time-limited test] org.mule.transport.service.DefaultTransportServiceDescriptor: Loading default response transformer: org.mule.transport.jms.transformers.ObjectToJMSMessage
INFO  2018-07-17 12:40:13,915 [Time-limited test] org.mule.lifecycle.AbstractLifecycleManager: Initialising: 'null'. Object is: MultiConsumerJmsMessageReceiver
INFO  2018-07-17 12:40:13,962 [Time-limited test] org.mule.transport.jms.MultiConsumerJmsMessageReceiver: Connecting clusterizable message receiver
INFO  2018-07-17 12:40:13,978 [Time-limited test] org.mule.transport.jms.MultiConsumerJmsMessageReceiver: Endpoint jms://flights has been successfully reconnected.
INFO  2018-07-17 12:40:13,978 [Time-limited test] org.mule.lifecycle.AbstractLifecycleManager: Starting: 'null'. Object is: MultiConsumerJmsMessageReceiver
INFO  2018-07-17 12:40:13,978 [Time-limited test] org.mule.transport.jms.MultiConsumerJmsMessageReceiver: Starting clusterizable message receiver
INFO  2018-07-17 12:40:13,980 [Time-limited test] org.mule.DefaultMuleContext: 
**********************************************************************
* Mule Runtime and Integration Platform                              *
* Version: 3.9.1 Build: 6e0f86dc                                     *
* MuleSoft, Inc.                                                     *
* For more information go to http://www.mulesoft.org                 *
*                                                                    *
* Server started: 7/17/18 12:40 PM                                   *
* Server ID: 387788a0-89f9-11e8-bb33-e4029bed2c26                    *
* JDK: 1.8.0_171 (mixed mode)                                        *
* OS encoding: Cp1252, Mule encoding: UTF-8                          *
* OS: Windows 10 -  (10.0, amd64)                                    *
* Host: LAPTOP-E237LT56 (192.168.1.40)                               *
*                                                                    *
* Agents Running: None                                               *
**********************************************************************
WARN  2018-07-17 12:40:13,981 [Time-limited test] org.mule.model.seda.SedaModel: The <model> element is deprecated in Mule 3.4 and will be removed in Mule 4.0.  Flows do not need to be configured inside a <model> element. 
INFO  2018-07-17 12:40:13,981 [Time-limited test] org.mule.lifecycle.AbstractLifecycleManager: Initialising model: main
INFO  2018-07-17 12:40:13,981 [Time-limited test] org.mule.lifecycle.AbstractLifecycleManager: Starting model: main
WARN  2018-07-17 12:40:13,982 [Time-limited test] org.mule.model.seda.SedaService: Services (SedaService or any custom implementation) are deprecated in Mule 3.4 and will be removed in Mule 4.0. 
INFO  2018-07-17 12:40:13,982 [Time-limited test] org.mule.service.ServiceLifecycleManager: Initialising service: appleService
INFO  2018-07-17 12:40:13,985 [Time-limited test] org.mule.exception.DefaultMessagingExceptionStrategy: Initialising exception listener: org.mule.exception.DefaultMessagingExceptionStrategy@6c03b6d
INFO  2018-07-17 12:40:13,985 [Time-limited test] org.mule.component.ComponentLifecycleManager: Initialising component: component.1318820877
INFO  2018-07-17 12:40:13,985 [Time-limited test] org.mule.processor.SedaStageLifecycleManager: Initialising service: appleService
INFO  2018-07-17 12:40:13,985 [Time-limited test] org.mule.service.ServiceLifecycleManager: Starting service: appleService
INFO  2018-07-17 12:40:13,985 [Time-limited test] org.mule.component.ComponentLifecycleManager: Starting component: component.1318820877
INFO  2018-07-17 12:40:13,986 [Time-limited test] org.mule.processor.SedaStageLifecycleManager: Starting service: appleService
INFO  2018-07-17 12:40:13,990 [Time-limited test] org.mule.lifecycle.AbstractLifecycleManager: Initialising connector: testConnector
INFO  2018-07-17 12:40:14,002 [Time-limited test] org.mule.tck.testmodels.mule.TestConnector: Connected: TestConnector
{
  name=testConnector
  lifecycle=initialise
  this=52c87342
  numberOfConcurrentTransactedReceivers=4
  createMultipleTransactedReceivers=true
  connected=true
  supportedProtocols=[test]
  serviceOverrides=<none>
}

INFO  2018-07-17 12:40:14,003 [Time-limited test] org.mule.tck.testmodels.mule.TestConnector: Starting: TestConnector
{
  name=testConnector
  lifecycle=initialise
  this=52c87342
  numberOfConcurrentTransactedReceivers=4
  createMultipleTransactedReceivers=true
  connected=true
  supportedProtocols=[test]
  serviceOverrides=<none>
}

INFO  2018-07-17 12:40:14,003 [Time-limited test] org.mule.lifecycle.AbstractLifecycleManager: Starting connector: testConnector
INFO  2018-07-17 12:40:14,010 [Time-limited test] org.mule.construct.FlowConstructLifecycleManager: Stopping flow: mavenFlow
INFO  2018-07-17 12:40:14,010 [Time-limited test] org.mule.processor.SedaStageLifecycleManager: Stopping service: mavenFlow.stage1
INFO  2018-07-17 12:40:14,165 [Time-limited test] org.mule.construct.FlowConstructLifecycleManager: Stopping flow: retreiveFlights
INFO  2018-07-17 12:40:14,165 [Time-limited test] org.mule.processor.SedaStageLifecycleManager: Stopping service: retreiveFlights.stage1
INFO  2018-07-17 12:40:14,166 [Time-limited test] org.mule.construct.FlowConstructLifecycleManager: Stopping flow: logFlights
INFO  2018-07-17 12:40:14,166 [Time-limited test] org.mule.transport.jms.activemq.ActiveMQJmsConnector: Removing listener on endpointUri: jms://flights
INFO  2018-07-17 12:40:14,166 [Time-limited test] org.mule.lifecycle.AbstractLifecycleManager: Stopping: 'null'. Object is: MultiConsumerJmsMessageReceiver
INFO  2018-07-17 12:40:14,167 [Time-limited test] org.mule.lifecycle.AbstractLifecycleManager: Disposing: 'null'. Object is: MultiConsumerJmsMessageReceiver
INFO  2018-07-17 12:40:14,167 [Time-limited test] org.mule.processor.SedaStageLifecycleManager: Stopping service: logFlights.stage1
INFO  2018-07-17 12:40:14,364 [Time-limited test] org.mule.service.ServiceLifecycleManager: Stopping service: appleService
INFO  2018-07-17 12:40:14,364 [Time-limited test] org.mule.processor.SedaStageLifecycleManager: Stopping service: appleService
INFO  2018-07-17 12:40:14,412 [Time-limited test] org.mule.component.ComponentLifecycleManager: Stopping component: component.1318820877
INFO  2018-07-17 12:40:14,413 [Time-limited test] org.mule.lifecycle.AbstractLifecycleManager: Stopping model: _muleSystemModel
INFO  2018-07-17 12:40:14,415 [Time-limited test] org.mule.lifecycle.AbstractLifecycleManager: Stopping connector: Active_MQ
INFO  2018-07-17 12:40:14,417 [Time-limited test] org.mule.module.http.internal.listener.DefaultHttpListenerConfig: Stopped listener on http://0.0.0.0:8081
INFO  2018-07-17 12:40:14,418 [Time-limited test] org.mule.util.queue.QueueXaResourceManager: Stopping ResourceManager
INFO  2018-07-17 12:40:14,418 [Time-limited test] org.mule.util.queue.QueueXaResourceManager: Stopped ResourceManager
INFO  2018-07-17 12:40:14,421 [Time-limited test] org.mule.lifecycle.AbstractLifecycleManager: Disposing RegistryBroker
INFO  2018-07-17 12:40:14,422 [Time-limited test] org.mule.construct.FlowConstructLifecycleManager: Disposing flow: mavenFlow
INFO  2018-07-17 12:40:14,422 [Time-limited test] org.mule.processor.SedaStageLifecycleManager: Disposing service: mavenFlow.stage1
INFO  2018-07-17 12:40:14,422 [Time-limited test] org.mule.construct.FlowConstructLifecycleManager: Disposing flow: retreiveFlights
INFO  2018-07-17 12:40:14,422 [Time-limited test] org.mule.processor.SedaStageLifecycleManager: Disposing service: retreiveFlights.stage1
INFO  2018-07-17 12:40:14,423 [Time-limited test] org.mule.construct.FlowConstructLifecycleManager: Disposing flow: logFlights
INFO  2018-07-17 12:40:14,423 [Time-limited test] org.mule.processor.SedaStageLifecycleManager: Disposing service: logFlights.stage1
INFO  2018-07-17 12:40:14,423 [Time-limited test] org.mule.service.ServiceLifecycleManager: Disposing service: appleService
INFO  2018-07-17 12:40:14,423 [Time-limited test] org.mule.component.ComponentLifecycleManager: Disposing component: component.1318820877
INFO  2018-07-17 12:40:14,423 [Time-limited test] org.mule.processor.SedaStageLifecycleManager: Disposing service: appleService
INFO  2018-07-17 12:40:14,424 [Time-limited test] org.mule.lifecycle.AbstractLifecycleManager: Disposing model: _muleSystemModel
INFO  2018-07-17 12:40:14,613 [Time-limited test] org.mule.transport.jms.activemq.ActiveMQJmsConnector: Disconnected: ActiveMQJmsConnector
{
  name=Active_MQ
  lifecycle=stop
  this=2eebadf
  numberOfConcurrentTransactedReceivers=4
  createMultipleTransactedReceivers=true
  connected=true
  supportedProtocols=[jms]
  serviceOverrides=<none>
}

INFO  2018-07-17 12:40:14,613 [Time-limited test] org.mule.lifecycle.AbstractLifecycleManager: Disposing connector: Active_MQ
INFO  2018-07-17 12:40:14,625 [Time-limited test] org.mule.config.spring.MuleArtifactContext: Closing org.mule.config.spring.MuleArtifactContext@7126b8a9: startup date [Tue Jul 17 12:40:12 PDT 2018]; root of context hierarchy
INFO  2018-07-17 12:40:14,630 [Time-limited test] org.mule.DefaultMuleContext: 
**********************************************************************
* Mule Context shut down normally on: 7/17/18 12:40 PM               *
* Server was up for: 0 days, 0 hours, 0 mins, 1.245 sec              *
**********************************************************************
]]></system-out>
  </testcase>
</testsuite>